# JRE version: OpenJDK Runtime Environment Microsoft-7208460 (11.0.18+10) (build 11.0.18+10-LTS)
# Java VM: OpenJDK 64-Bit Server VM Microsoft-7208460 (11.0.18+10-LTS, mixed mode, tiered, compressed oops, g1 gc, windows-amd64)
Heap:
 garbage-first heap   total 131072K, used 24661K [0x0000000080000000, 0x0000000100000000)
  region size 1024K, 9 young (9216K), 3 survivors (3072K)
 Metaspace       used 26365K, capacity 26938K, committed 27184K, reserved 540672K
  class space    used 3410K, capacity 3635K, committed 3712K, reserved 516096K
GC Heap History (10 events):
Event: 1.000 GC heap before
{Heap before GC invocations=0 (full 0):
 garbage-first heap   total 131072K, used 29696K [0x0000000080000000, 0x0000000100000000)
  region size 1024K, 24 young (24576K), 0 survivors (0K)
 Metaspace       used 10089K, capacity 10278K, committed 10368K, reserved 526336K
  class space    used 1022K, capacity 1107K, committed 1152K, reserved 516096K
}
Event: 1.008 GC heap after
{Heap after GC invocations=1 (full 0):
 garbage-first heap   total 131072K, used 9675K [0x0000000080000000, 0x0000000100000000)
  region size 1024K, 3 young (3072K), 3 survivors (3072K)
 Metaspace       used 10089K, capacity 10278K, committed 10368K, reserved 526336K
  class space    used 1022K, capacity 1107K, committed 1152K, reserved 516096K
}
Event: 1.524 GC heap before
{Heap before GC invocations=1 (full 0):
 garbage-first heap   total 131072K, used 31179K [0x0000000080000000, 0x0000000100000000)
  region size 1024K, 24 young (24576K), 3 survivors (3072K)
 Metaspace       used 11209K, capacity 11459K, committed 11520K, reserved 526336K
  class space    used 1147K, capacity 1245K, committed 1280K, reserved 516096K
}
Event: 1.528 GC heap after
{Heap after GC invocations=2 (full 0):
 garbage-first heap   total 131072K, used 10492K [0x0000000080000000, 0x0000000100000000)
  region size 1024K, 1 young (1024K), 1 survivors (1024K)
 Metaspace       used 11209K, capacity 11459K, committed 11520K, reserved 526336K
  class space    used 1147K, capacity 1245K, committed 1280K, reserved 516096K
}
Event: 3.078 GC heap before
{Heap before GC invocations=2 (full 0):
 garbage-first heap   total 131072K, used 63740K [0x0000000080000000, 0x0000000100000000)
  region size 1024K, 52 young (53248K), 1 survivors (1024K)
 Metaspace       used 18149K, capacity 18538K, committed 18688K, reserved 532480K
  class space    used 2119K, capacity 2257K, committed 2304K, reserved 516096K
}
Event: 3.100 GC heap after
{Heap after GC invocations=3 (full 0):
 garbage-first heap   total 131072K, used 16886K [0x0000000080000000, 0x0000000100000000)
  region size 1024K, 7 young (7168K), 7 survivors (7168K)
 Metaspace       used 18149K, capacity 18538K, committed 18688K, reserved 532480K
  class space    used 2119K, capacity 2257K, committed 2304K, reserved 516096K
}
Event: 3.448 GC heap before
{Heap before GC invocations=3 (full 0):
 garbage-first heap   total 131072K, used 36342K [0x0000000080000000, 0x0000000100000000)
  region size 1024K, 27 young (27648K), 7 survivors (7168K)
 Metaspace       used 20728K, capacity 21161K, committed 21296K, reserved 536576K
  class space    used 2493K, capacity 2638K, committed 2688K, reserved 516096K
}
Event: 3.459 GC heap after
{Heap after GC invocations=4 (full 0):
 garbage-first heap   total 131072K, used 17813K [0x0000000080000000, 0x0000000100000000)
  region size 1024K, 1 young (1024K), 1 survivors (1024K)
 Metaspace       used 20728K, capacity 21161K, committed 21296K, reserved 536576K
  class space    used 2493K, capacity 2638K, committed 2688K, reserved 516096K
}
Event: 4.550 GC heap before
{Heap before GC invocations=5 (full 0):
 garbage-first heap   total 131072K, used 66965K [0x0000000080000000, 0x0000000100000000)
  region size 1024K, 50 young (51200K), 1 survivors (1024K)
 Metaspace       used 25627K, capacity 26216K, committed 26544K, reserved 540672K
  class space    used 3291K, capacity 3500K, committed 3584K, reserved 516096K
}
Event: 4.554 GC heap after
{Heap after GC invocations=6 (full 0):
 garbage-first heap   total 131072K, used 19541K [0x0000000080000000, 0x0000000100000000)
  region size 1024K, 3 young (3072K), 3 survivors (3072K)
 Metaspace       used 25627K, capacity 26216K, committed 26544K, reserved 540672K
  class space    used 3291K, capacity 3500K, committed 3584K, reserved 516096K
}

