# JRE version: OpenJDK Runtime Environment Microsoft-7208460 (11.0.18+10) (build 11.0.18+10-LTS)
# Java VM: OpenJDK 64-Bit Server VM Microsoft-7208460 (11.0.18+10-LTS, mixed mode, tiered, compressed oops, g1 gc, windows-amd64)
Heap:
 garbage-first heap   total 131072K, used 77614K [0x0000000081600000, 0x0000000100000000)
  region size 1024K, 56 young (57344K), 6 survivors (6144K)
 Metaspace       used 54052K, capacity 54750K, committed 54912K, reserved 1097728K
  class space    used 6466K, capacity 6758K, committed 6784K, reserved 1048576K
GC Heap History (12 events):
Event: 0.846 GC heap before
{Heap before GC invocations=0 (full 0):
 garbage-first heap   total 131072K, used 27648K [0x0000000081600000, 0x0000000100000000)
  region size 1024K, 24 young (24576K), 0 survivors (0K)
 Metaspace       used 12400K, capacity 12504K, committed 12800K, reserved 1060864K
  class space    used 1150K, capacity 1207K, committed 1280K, reserved 1048576K
}
Event: 0.850 GC heap after
{Heap after GC invocations=1 (full 0):
 garbage-first heap   total 131072K, used 5853K [0x0000000081600000, 0x0000000100000000)
  region size 1024K, 3 young (3072K), 3 survivors (3072K)
 Metaspace       used 12400K, capacity 12504K, committed 12800K, reserved 1060864K
  class space    used 1150K, capacity 1207K, committed 1280K, reserved 1048576K
}
Event: 1.726 GC heap before
{Heap before GC invocations=1 (full 0):
 garbage-first heap   total 131072K, used 41693K [0x0000000081600000, 0x0000000100000000)
  region size 1024K, 39 young (39936K), 3 survivors (3072K)
 Metaspace       used 20954K, capacity 21182K, committed 21248K, reserved 1069056K
  class space    used 2215K, capacity 2280K, committed 2304K, reserved 1048576K
}
Event: 1.740 GC heap after
{Heap after GC invocations=2 (full 0):
 garbage-first heap   total 131072K, used 9329K [0x0000000081600000, 0x0000000100000000)
  region size 1024K, 7 young (7168K), 7 survivors (7168K)
 Metaspace       used 20954K, capacity 21182K, committed 21248K, reserved 1069056K
  class space    used 2215K, capacity 2280K, committed 2304K, reserved 1048576K
}
Event: 3.142 GC heap before
{Heap before GC invocations=3 (full 0):
 garbage-first heap   total 131072K, used 63601K [0x0000000081600000, 0x0000000100000000)
  region size 1024K, 55 young (56320K), 7 survivors (7168K)
 Metaspace       used 32567K, capacity 32985K, committed 33280K, reserved 1079296K
  class space    used 4060K, capacity 4246K, committed 4352K, reserved 1048576K
}
Event: 3.168 GC heap after
{Heap after GC invocations=4 (full 0):
 garbage-first heap   total 131072K, used 20317K [0x0000000081600000, 0x0000000100000000)
  region size 1024K, 7 young (7168K), 7 survivors (7168K)
 Metaspace       used 32567K, capacity 32985K, committed 33280K, reserved 1079296K
  class space    used 4060K, capacity 4246K, committed 4352K, reserved 1048576K
}
Event: 3.417 GC heap before
{Heap before GC invocations=4 (full 0):
 garbage-first heap   total 131072K, used 28509K [0x0000000081600000, 0x0000000100000000)
  region size 1024K, 15 young (15360K), 7 survivors (7168K)
 Metaspace       used 34445K, capacity 34841K, committed 34944K, reserved 1079296K
  class space    used 4254K, capacity 4438K, committed 4480K, reserved 1048576K
}
Event: 3.431 GC heap after
{Heap after GC invocations=5 (full 0):
 garbage-first heap   total 131072K, used 21922K [0x0000000081600000, 0x0000000100000000)
  region size 1024K, 2 young (2048K), 2 survivors (2048K)
 Metaspace       used 34445K, capacity 34841K, committed 34944K, reserved 1079296K
  class space    used 4254K, capacity 4438K, committed 4480K, reserved 1048576K
}
Event: 3.507 GC heap before
{Heap before GC invocations=5 (full 0):
 garbage-first heap   total 131072K, used 24994K [0x0000000081600000, 0x0000000100000000)
  region size 1024K, 6 young (6144K), 2 survivors (2048K)
 Metaspace       used 34988K, capacity 35428K, committed 35584K, reserved 1081344K
  class space    used 4313K, capacity 4506K, committed 4608K, reserved 1048576K
}
Event: 3.510 GC heap after
{Heap after GC invocations=6 (full 0):
 garbage-first heap   total 131072K, used 20019K [0x0000000081600000, 0x0000000100000000)
  region size 1024K, 2 young (2048K), 2 survivors (2048K)
 Metaspace       used 34988K, capacity 35428K, committed 35584K, reserved 1081344K
  class space    used 4313K, capacity 4506K, committed 4608K, reserved 1048576K
}
Event: 4.771 GC heap before
{Heap before GC invocations=7 (full 0):
 garbage-first heap   total 131072K, used 70195K [0x0000000081600000, 0x0000000100000000)
  region size 1024K, 51 young (52224K), 2 survivors (2048K)
 Metaspace       used 45762K, capacity 46278K, committed 46592K, reserved 1089536K
  class space    used 5385K, capacity 5575K, committed 5632K, reserved 1048576K
}
Event: 4.780 GC heap after
{Heap after GC invocations=8 (full 0):
 garbage-first heap   total 131072K, used 24366K [0x0000000081600000, 0x0000000100000000)
  region size 1024K, 6 young (6144K), 6 survivors (6144K)
 Metaspace       used 45762K, capacity 46278K, committed 46592K, reserved 1089536K
  class space    used 5385K, capacity 5575K, committed 5632K, reserved 1048576K
}

